2017-11-30 22:58:41.650  INFO 17264 --- [restartedMain] f.m.m.MediarollRestApplication           : Starting MediarollRestApplication on DESKTOP-HPLFTCM with PID 17264 (C:\Users\gtand\OneDrive\Documents\GitHub\mediaroll\mediarollRest\target\classes started by gtand in C:\Users\gtand\OneDrive\Documents\GitHub\mediaroll\mediarollRest)
2017-11-30 22:58:41.650  INFO 17264 --- [restartedMain] f.m.m.MediarollRestApplication           : The following profiles are active: dev
2017-11-30 22:58:41.653  INFO 17264 --- [restartedMain] ationConfigEmbeddedWebApplicationContext : Refreshing org.springframework.boot.context.embedded.AnnotationConfigEmbeddedWebApplicationContext@1ff36082: startup date [Thu Nov 30 22:58:41 CET 2017]; root of context hierarchy
2017-11-30 22:58:42.420  INFO 17264 --- [restartedMain] o.s.b.f.s.DefaultListableBeanFactory     : Overriding bean definition for bean 'httpRequestHandlerAdapter' with a different definition: replacing [Root bean: class [null]; scope=; abstract=false; lazyInit=false; autowireMode=3; dependencyCheck=0; autowireCandidate=true; primary=false; factoryBeanName=org.springframework.boot.autoconfigure.web.WebMvcAutoConfiguration$EnableWebMvcConfiguration; factoryMethodName=httpRequestHandlerAdapter; initMethodName=null; destroyMethodName=(inferred); defined in class path resource [org/springframework/boot/autoconfigure/web/WebMvcAutoConfiguration$EnableWebMvcConfiguration.class]] with [Root bean: class [null]; scope=; abstract=false; lazyInit=false; autowireMode=3; dependencyCheck=0; autowireCandidate=true; primary=false; factoryBeanName=org.springframework.data.rest.webmvc.config.RepositoryRestMvcConfiguration; factoryMethodName=httpRequestHandlerAdapter; initMethodName=null; destroyMethodName=(inferred); defined in class path resource [org/springframework/data/rest/webmvc/config/RepositoryRestMvcConfiguration.class]]
2017-11-30 22:58:42.499  INFO 17264 --- [restartedMain] trationDelegate$BeanPostProcessorChecker : Bean 'org.springframework.transaction.annotation.ProxyTransactionManagementConfiguration' of type [org.springframework.transaction.annotation.ProxyTransactionManagementConfiguration$$EnhancerBySpringCGLIB$$60547bc2] is not eligible for getting processed by all BeanPostProcessors (for example: not eligible for auto-proxying)
2017-11-30 22:58:42.580  INFO 17264 --- [restartedMain] s.b.c.e.t.TomcatEmbeddedServletContainer : Tomcat initialized with port(s): 8080 (http)
2017-11-30 22:58:42.580  INFO 17264 --- [restartedMain] o.apache.catalina.core.StandardService   : Starting service [Tomcat]
2017-11-30 22:58:42.580  INFO 17264 --- [restartedMain] org.apache.catalina.core.StandardEngine  : Starting Servlet Engine: Apache Tomcat/8.5.20
2017-11-30 22:58:42.592  INFO 17264 --- [localhost-startStop-1] o.a.c.c.C.[Tomcat].[localhost].[/]       : Initializing Spring embedded WebApplicationContext
2017-11-30 22:58:42.592  INFO 17264 --- [localhost-startStop-1] o.s.web.context.ContextLoader            : Root WebApplicationContext: initialization completed in 939 ms
2017-11-30 22:58:42.640  INFO 17264 --- [localhost-startStop-1] o.s.b.w.servlet.FilterRegistrationBean   : Mapping filter: 'characterEncodingFilter' to: [/*]
2017-11-30 22:58:42.640  INFO 17264 --- [localhost-startStop-1] o.s.b.w.servlet.FilterRegistrationBean   : Mapping filter: 'hiddenHttpMethodFilter' to: [/*]
2017-11-30 22:58:42.640  INFO 17264 --- [localhost-startStop-1] o.s.b.w.servlet.FilterRegistrationBean   : Mapping filter: 'httpPutFormContentFilter' to: [/*]
2017-11-30 22:58:42.640  INFO 17264 --- [localhost-startStop-1] o.s.b.w.servlet.FilterRegistrationBean   : Mapping filter: 'requestContextFilter' to: [/*]
2017-11-30 22:58:42.640  INFO 17264 --- [localhost-startStop-1] .s.DelegatingFilterProxyRegistrationBean : Mapping filter: 'springSecurityFilterChain' to: [/*]
2017-11-30 22:58:42.640  INFO 17264 --- [localhost-startStop-1] o.s.b.w.servlet.ServletRegistrationBean  : Mapping servlet: 'dispatcherServlet' to [/]
2017-11-30 22:58:42.641  INFO 17264 --- [localhost-startStop-1] o.s.b.w.servlet.ServletRegistrationBean  : Mapping servlet: 'webServlet' to [/h2-console/*]
2017-11-30 22:58:42.752  INFO 17264 --- [restartedMain] j.LocalContainerEntityManagerFactoryBean : Building JPA container EntityManagerFactory for persistence unit 'default'
2017-11-30 22:58:42.752  INFO 17264 --- [restartedMain] o.hibernate.jpa.internal.util.LogHelper  : HHH000204: Processing PersistenceUnitInfo [
	name: default
	...]
2017-11-30 22:58:42.764  INFO 17264 --- [restartedMain] org.hibernate.dialect.Dialect            : HHH000400: Using dialect: org.hibernate.dialect.MySQL5Dialect
2017-11-30 22:58:42.821  INFO 17264 --- [restartedMain] org.hibernate.tool.hbm2ddl.SchemaExport  : HHH000227: Running hbm2ddl schema export
2017-11-30 22:58:42.822 ERROR 17264 --- [restartedMain] org.hibernate.tool.hbm2ddl.SchemaExport  : HHH000389: Unsuccessful: alter table album drop foreign key FKr42e5u05qbfic00wficounqrk
2017-11-30 22:58:42.822 ERROR 17264 --- [restartedMain] org.hibernate.tool.hbm2ddl.SchemaExport  : Table "ALBUM" not found; SQL statement:

    alter table album 
        drop 
        foreign key FKr42e5u05qbfic00wficounqrk [42102-196]
2017-11-30 22:58:42.822 ERROR 17264 --- [restartedMain] org.hibernate.tool.hbm2ddl.SchemaExport  : HHH000389: Unsuccessful: alter table album drop foreign key FKke19g3lxp3o9i5n26jbnuvrs6
2017-11-30 22:58:42.822 ERROR 17264 --- [restartedMain] org.hibernate.tool.hbm2ddl.SchemaExport  : Table "ALBUM" not found; SQL statement:

    alter table album 
        drop 
        foreign key FKke19g3lxp3o9i5n26jbnuvrs6 [42102-196]
2017-11-30 22:58:42.822 ERROR 17264 --- [restartedMain] org.hibernate.tool.hbm2ddl.SchemaExport  : HHH000389: Unsuccessful: alter table album_medias drop foreign key FKiq4tdcahewh0nspmy6gatob4d
2017-11-30 22:58:42.822 ERROR 17264 --- [restartedMain] org.hibernate.tool.hbm2ddl.SchemaExport  : Table "ALBUM_MEDIAS" not found; SQL statement:

    alter table album_medias 
        drop 
        foreign key FKiq4tdcahewh0nspmy6gatob4d [42102-196]
2017-11-30 22:58:42.822 ERROR 17264 --- [restartedMain] org.hibernate.tool.hbm2ddl.SchemaExport  : HHH000389: Unsuccessful: alter table album_medias drop foreign key FKeouauirmoe6kex5k11fhfmc4c
2017-11-30 22:58:42.822 ERROR 17264 --- [restartedMain] org.hibernate.tool.hbm2ddl.SchemaExport  : Table "ALBUM_MEDIAS" not found; SQL statement:

    alter table album_medias 
        drop 
        foreign key FKeouauirmoe6kex5k11fhfmc4c [42102-196]
2017-11-30 22:58:42.822 ERROR 17264 --- [restartedMain] org.hibernate.tool.hbm2ddl.SchemaExport  : HHH000389: Unsuccessful: alter table album_shared_people drop foreign key FKesg8ip2cjguuwtf1beka9t1f4
2017-11-30 22:58:42.822 ERROR 17264 --- [restartedMain] org.hibernate.tool.hbm2ddl.SchemaExport  : Table "ALBUM_SHARED_PEOPLE" not found; SQL statement:

    alter table album_shared_people 
        drop 
        foreign key FKesg8ip2cjguuwtf1beka9t1f4 [42102-196]
2017-11-30 22:58:42.822 ERROR 17264 --- [restartedMain] org.hibernate.tool.hbm2ddl.SchemaExport  : HHH000389: Unsuccessful: alter table album_shared_people drop foreign key FK9j2rig2p8sco0vdur9ygu1qka
2017-11-30 22:58:42.822 ERROR 17264 --- [restartedMain] org.hibernate.tool.hbm2ddl.SchemaExport  : Table "ALBUM_SHARED_PEOPLE" not found; SQL statement:

    alter table album_shared_people 
        drop 
        foreign key FK9j2rig2p8sco0vdur9ygu1qka [42102-196]
2017-11-30 22:58:42.823 ERROR 17264 --- [restartedMain] org.hibernate.tool.hbm2ddl.SchemaExport  : HHH000389: Unsuccessful: alter table authority drop foreign key FKnj5it6g3hyv1d2qx1cm91py0v
2017-11-30 22:58:42.823 ERROR 17264 --- [restartedMain] org.hibernate.tool.hbm2ddl.SchemaExport  : Table "AUTHORITY" not found; SQL statement:

    alter table authority 
        drop 
        foreign key FKnj5it6g3hyv1d2qx1cm91py0v [42102-196]
2017-11-30 22:58:42.823 ERROR 17264 --- [restartedMain] org.hibernate.tool.hbm2ddl.SchemaExport  : HHH000389: Unsuccessful: alter table media drop foreign key FKs7u6t7un7l4krbg42l0i6osse
2017-11-30 22:58:42.823 ERROR 17264 --- [restartedMain] org.hibernate.tool.hbm2ddl.SchemaExport  : Table "MEDIA" not found; SQL statement:

    alter table media 
        drop 
        foreign key FKs7u6t7un7l4krbg42l0i6osse [42102-196]
2017-11-30 22:58:42.823 ERROR 17264 --- [restartedMain] org.hibernate.tool.hbm2ddl.SchemaExport  : HHH000389: Unsuccessful: alter table media_shared_people drop foreign key FKocxcyf6aj1m73dyqhqrt1w2yo
2017-11-30 22:58:42.823 ERROR 17264 --- [restartedMain] org.hibernate.tool.hbm2ddl.SchemaExport  : Table "MEDIA_SHARED_PEOPLE" not found; SQL statement:

    alter table media_shared_people 
        drop 
        foreign key FKocxcyf6aj1m73dyqhqrt1w2yo [42102-196]
2017-11-30 22:58:42.823 ERROR 17264 --- [restartedMain] org.hibernate.tool.hbm2ddl.SchemaExport  : HHH000389: Unsuccessful: alter table media_shared_people drop foreign key FKb93i8mwi5ins5n7o3otx6v6k6
2017-11-30 22:58:42.823 ERROR 17264 --- [restartedMain] org.hibernate.tool.hbm2ddl.SchemaExport  : Table "MEDIA_SHARED_PEOPLE" not found; SQL statement:

    alter table media_shared_people 
        drop 
        foreign key FKb93i8mwi5ins5n7o3otx6v6k6 [42102-196]
2017-11-30 22:58:42.835  INFO 17264 --- [restartedMain] org.hibernate.tool.hbm2ddl.SchemaExport  : HHH000230: Schema export complete
2017-11-30 22:58:42.838  INFO 17264 --- [restartedMain] j.LocalContainerEntityManagerFactoryBean : Initialized JPA EntityManagerFactory for persistence unit 'default'
2017-11-30 22:58:43.164  INFO 17264 --- [restartedMain] s.w.s.m.m.a.RequestMappingHandlerMapping : Mapped "{[/accounts],methods=[GET]}" onto public org.springframework.http.ResponseEntity<java.util.List<fr.mediarollRest.mediarollRest.model.Account>> fr.mediarollRest.mediarollRest.web.resource.AccountResource.findAll()
2017-11-30 22:58:43.165  INFO 17264 --- [restartedMain] s.w.s.m.m.a.RequestMappingHandlerMapping : Mapped "{[/accounts/{mail:.+}],methods=[DELETE]}" onto public org.springframework.http.ResponseEntity<java.lang.Void> fr.mediarollRest.mediarollRest.web.resource.AccountResource.deleteUserByMail(java.lang.String)
2017-11-30 22:58:43.165  INFO 17264 --- [restartedMain] s.w.s.m.m.a.RequestMappingHandlerMapping : Mapped "{[/accounts/{mail:.+}],methods=[GET]}" onto public org.springframework.http.ResponseEntity<fr.mediarollRest.mediarollRest.model.Account> fr.mediarollRest.mediarollRest.web.resource.AccountResource.getUserByMail(java.lang.String)
2017-11-30 22:58:43.165  INFO 17264 --- [restartedMain] s.w.s.m.m.a.RequestMappingHandlerMapping : Mapped "{[/accounts],methods=[PUT]}" onto public org.springframework.http.ResponseEntity<fr.mediarollRest.mediarollRest.model.Account> fr.mediarollRest.mediarollRest.web.resource.AccountResource.updateUser(fr.mediarollRest.mediarollRest.model.Account)
2017-11-30 22:58:43.165  INFO 17264 --- [restartedMain] s.w.s.m.m.a.RequestMappingHandlerMapping : Mapped "{[/accounts],methods=[POST]}" onto public org.springframework.http.ResponseEntity<java.lang.Void> fr.mediarollRest.mediarollRest.web.resource.AccountResource.createUser(fr.mediarollRest.mediarollRest.model.Account)
2017-11-30 22:58:43.167  INFO 17264 --- [restartedMain] s.w.s.m.m.a.RequestMappingHandlerMapping : Mapped "{[/albums/{albumId}/accounts/{mail:.+}],methods=[DELETE]}" onto public org.springframework.http.ResponseEntity<fr.mediarollRest.mediarollRest.model.Album> fr.mediarollRest.mediarollRest.web.resource.AlbumResource.deleteUserFromSharedList(java.security.Principal,java.lang.Long,java.lang.String)
2017-11-30 22:58:43.167  INFO 17264 --- [restartedMain] s.w.s.m.m.a.RequestMappingHandlerMapping : Mapped "{[/albums/{albumId}/accounts/{mail:.+}],methods=[PUT]}" onto public org.springframework.http.ResponseEntity<fr.mediarollRest.mediarollRest.model.Album> fr.mediarollRest.mediarollRest.web.resource.AlbumResource.addUserToSharedList(java.security.Principal,java.lang.Long,java.lang.String)
2017-11-30 22:58:43.167  INFO 17264 --- [restartedMain] s.w.s.m.m.a.RequestMappingHandlerMapping : Mapped "{[/albums/{albumId}/medias/{mediaId}],methods=[DELETE]}" onto public org.springframework.http.ResponseEntity<fr.mediarollRest.mediarollRest.model.Album> fr.mediarollRest.mediarollRest.web.resource.AlbumResource.deleteMediaFromAlbum(java.lang.Long,java.lang.Long)
2017-11-30 22:58:43.168  INFO 17264 --- [restartedMain] s.w.s.m.m.a.RequestMappingHandlerMapping : Mapped "{[/albums/{albumId}/cover/medias/{mediaId}],methods=[PUT]}" onto public org.springframework.http.ResponseEntity<fr.mediarollRest.mediarollRest.model.Album> fr.mediarollRest.mediarollRest.web.resource.AlbumResource.addCoverToAlbum(java.lang.Long,java.lang.Long)
2017-11-30 22:58:43.168  INFO 17264 --- [restartedMain] s.w.s.m.m.a.RequestMappingHandlerMapping : Mapped "{[/albums/{albumId}],methods=[GET]}" onto public org.springframework.http.ResponseEntity<fr.mediarollRest.mediarollRest.model.Album> fr.mediarollRest.mediarollRest.web.resource.AlbumResource.getAlbum(java.lang.Long)
2017-11-30 22:58:43.168  INFO 17264 --- [restartedMain] s.w.s.m.m.a.RequestMappingHandlerMapping : Mapped "{[/albums/{albumId}/medias/{mediaId}],methods=[PUT]}" onto public org.springframework.http.ResponseEntity<fr.mediarollRest.mediarollRest.model.Album> fr.mediarollRest.mediarollRest.web.resource.AlbumResource.addMediaToAlbum(java.lang.Long,java.lang.Long)
2017-11-30 22:58:43.168  INFO 17264 --- [restartedMain] s.w.s.m.m.a.RequestMappingHandlerMapping : Mapped "{[/albums],methods=[POST]}" onto public org.springframework.http.ResponseEntity<fr.mediarollRest.mediarollRest.model.Album> fr.mediarollRest.mediarollRest.web.resource.AlbumResource.createAlbum(java.security.Principal,fr.mediarollRest.mediarollRest.model.Album)
2017-11-30 22:58:43.168  INFO 17264 --- [restartedMain] s.w.s.m.m.a.RequestMappingHandlerMapping : Mapped "{[/albums/{albumId}],methods=[DELETE]}" onto public org.springframework.http.ResponseEntity<java.lang.Void> fr.mediarollRest.mediarollRest.web.resource.AlbumResource.deleteAlbum(java.lang.Long)
2017-11-30 22:58:43.168  INFO 17264 --- [restartedMain] s.w.s.m.m.a.RequestMappingHandlerMapping : Mapped "{[/albums/{albumId}],methods=[PATCH]}" onto public org.springframework.http.ResponseEntity<fr.mediarollRest.mediarollRest.model.Album> fr.mediarollRest.mediarollRest.web.resource.AlbumResource.updateAlbum(java.lang.Long,fr.mediarollRest.mediarollRest.model.Album)
2017-11-30 22:58:43.169  INFO 17264 --- [restartedMain] s.w.s.m.m.a.RequestMappingHandlerMapping : Mapped "{[/medias],methods=[POST]}" onto public org.springframework.http.ResponseEntity<fr.mediarollRest.mediarollRest.model.Media> fr.mediarollRest.mediarollRest.web.resource.MediaResource.uploadMedia(org.springframework.web.multipart.MultipartFile,java.security.Principal) throws java.io.IOException
2017-11-30 22:58:43.169  INFO 17264 --- [restartedMain] s.w.s.m.m.a.RequestMappingHandlerMapping : Mapped "{[/medias/{mediaId}],methods=[DELETE]}" onto public org.springframework.http.ResponseEntity<java.lang.Void> fr.mediarollRest.mediarollRest.web.resource.MediaResource.deleteMedia(java.lang.Long)
2017-11-30 22:58:43.169  INFO 17264 --- [restartedMain] s.w.s.m.m.a.RequestMappingHandlerMapping : Mapped "{[/medias/{mediaId}],methods=[PUT]}" onto public org.springframework.http.ResponseEntity<fr.mediarollRest.mediarollRest.model.Media> fr.mediarollRest.mediarollRest.web.resource.MediaResource.updateMediaInfo(java.lang.Long,fr.mediarollRest.mediarollRest.model.Media)
2017-11-30 22:58:43.171  INFO 17264 --- [restartedMain] s.w.s.m.m.a.RequestMappingHandlerMapping : Mapped "{[/swagger-resources]}" onto public org.springframework.http.ResponseEntity<java.util.List<springfox.documentation.swagger.web.SwaggerResource>> springfox.documentation.swagger.web.ApiResourceController.swaggerResources()
2017-11-30 22:58:43.171  INFO 17264 --- [restartedMain] s.w.s.m.m.a.RequestMappingHandlerMapping : Mapped "{[/swagger-resources/configuration/ui]}" onto public org.springframework.http.ResponseEntity<springfox.documentation.swagger.web.UiConfiguration> springfox.documentation.swagger.web.ApiResourceController.uiConfiguration()
2017-11-30 22:58:43.171  INFO 17264 --- [restartedMain] s.w.s.m.m.a.RequestMappingHandlerMapping : Mapped "{[/swagger-resources/configuration/security]}" onto public org.springframework.http.ResponseEntity<springfox.documentation.swagger.web.SecurityConfiguration> springfox.documentation.swagger.web.ApiResourceController.securityConfiguration()
2017-11-30 22:58:43.173  INFO 17264 --- [restartedMain] s.w.s.m.m.a.RequestMappingHandlerMapping : Mapped "{[/error]}" onto public org.springframework.http.ResponseEntity<java.util.Map<java.lang.String, java.lang.Object>> org.springframework.boot.autoconfigure.web.BasicErrorController.error(javax.servlet.http.HttpServletRequest)
2017-11-30 22:58:43.173  INFO 17264 --- [restartedMain] s.w.s.m.m.a.RequestMappingHandlerMapping : Mapped "{[/error],produces=[text/html]}" onto public org.springframework.web.servlet.ModelAndView org.springframework.boot.autoconfigure.web.BasicErrorController.errorHtml(javax.servlet.http.HttpServletRequest,javax.servlet.http.HttpServletResponse)
2017-11-30 22:58:43.239  INFO 17264 --- [restartedMain] pertySourcedRequestMappingHandlerMapping : Mapped URL path [/v2/api-docs] onto method [public org.springframework.http.ResponseEntity<springfox.documentation.spring.web.json.Json> springfox.documentation.swagger2.web.Swagger2Controller.getDocumentation(java.lang.String,javax.servlet.http.HttpServletRequest)]
2017-11-30 22:58:43.457  INFO 17264 --- [restartedMain] o.s.s.web.DefaultSecurityFilterChain     : Creating filter chain: org.springframework.security.web.util.matcher.AnyRequestMatcher@1, [org.springframework.security.web.context.request.async.WebAsyncManagerIntegrationFilter@247549c4, org.springframework.security.web.context.SecurityContextPersistenceFilter@7d7fcfc5, org.springframework.security.web.header.HeaderWriterFilter@3e8f2147, org.springframework.web.filter.CorsFilter@19ee6d23, org.springframework.security.web.authentication.logout.LogoutFilter@34dc6e87, fr.mediarollRest.mediarollRest.security.JWTLoginFilter@15e8bc61, fr.mediarollRest.mediarollRest.security.JWTAuthenticationFilter@7aeab790, org.springframework.security.web.savedrequest.RequestCacheAwareFilter@5f986541, org.springframework.security.web.servletapi.SecurityContextHolderAwareRequestFilter@18dae2ec, org.springframework.security.web.authentication.AnonymousAuthenticationFilter@745fea60, org.springframework.security.web.session.SessionManagementFilter@c440dd5, org.springframework.security.web.access.ExceptionTranslationFilter@1f87a85b, org.springframework.security.web.access.intercept.FilterSecurityInterceptor@2e4834b8]
2017-11-30 22:58:43.459  INFO 17264 --- [restartedMain] o.s.s.web.DefaultSecurityFilterChain     : Creating filter chain: Ant [pattern='/h2-console/**'], [org.springframework.security.web.context.request.async.WebAsyncManagerIntegrationFilter@242e40f9, org.springframework.security.web.context.SecurityContextPersistenceFilter@2b536e8c, org.springframework.security.web.header.HeaderWriterFilter@53c7c2e4, org.springframework.security.web.authentication.logout.LogoutFilter@61d963ed, org.springframework.security.web.authentication.www.BasicAuthenticationFilter@51ce5654, org.springframework.security.web.savedrequest.RequestCacheAwareFilter@29e3c730, org.springframework.security.web.servletapi.SecurityContextHolderAwareRequestFilter@445ef00a, org.springframework.security.web.authentication.AnonymousAuthenticationFilter@4db821b, org.springframework.security.web.session.SessionManagementFilter@45ac11d5, org.springframework.security.web.access.ExceptionTranslationFilter@404e58, org.springframework.security.web.access.intercept.FilterSecurityInterceptor@5c7df16d]
2017-11-30 22:58:43.507  INFO 17264 --- [restartedMain] s.w.s.m.m.a.RequestMappingHandlerAdapter : Looking for @ControllerAdvice: org.springframework.boot.context.embedded.AnnotationConfigEmbeddedWebApplicationContext@1ff36082: startup date [Thu Nov 30 22:58:41 CET 2017]; root of context hierarchy
2017-11-30 22:58:43.519  INFO 17264 --- [restartedMain] o.s.w.s.handler.SimpleUrlHandlerMapping  : Mapped URL path [/webjars/**] onto handler of type [class org.springframework.web.servlet.resource.ResourceHttpRequestHandler]
2017-11-30 22:58:43.519  INFO 17264 --- [restartedMain] o.s.w.s.handler.SimpleUrlHandlerMapping  : Mapped URL path [/**] onto handler of type [class org.springframework.web.servlet.resource.ResourceHttpRequestHandler]
2017-11-30 22:58:43.529  INFO 17264 --- [restartedMain] .m.m.a.ExceptionHandlerExceptionResolver : Detected @ExceptionHandler methods in repositoryRestExceptionHandler
2017-11-30 22:58:43.547  INFO 17264 --- [restartedMain] o.s.w.s.handler.SimpleUrlHandlerMapping  : Mapped URL path [/**/favicon.ico] onto handler of type [class org.springframework.web.servlet.resource.ResourceHttpRequestHandler]
2017-11-30 22:58:43.578  INFO 17264 --- [restartedMain] o.s.d.r.w.RepositoryRestHandlerAdapter   : Looking for @ControllerAdvice: org.springframework.boot.context.embedded.AnnotationConfigEmbeddedWebApplicationContext@1ff36082: startup date [Thu Nov 30 22:58:41 CET 2017]; root of context hierarchy
2017-11-30 22:58:43.602  INFO 17264 --- [restartedMain] o.s.d.r.w.RepositoryRestHandlerMapping   : Mapped "{[/{repository}],methods=[OPTIONS],produces=[application/hal+json || application/json]}" onto public org.springframework.http.ResponseEntity<?> org.springframework.data.rest.webmvc.RepositoryEntityController.optionsForCollectionResource(org.springframework.data.rest.webmvc.RootResourceInformation)
2017-11-30 22:58:43.603  INFO 17264 --- [restartedMain] o.s.d.r.w.RepositoryRestHandlerMapping   : Mapped "{[/{repository}],methods=[HEAD],produces=[application/hal+json || application/json]}" onto public org.springframework.http.ResponseEntity<?> org.springframework.data.rest.webmvc.RepositoryEntityController.headCollectionResource(org.springframework.data.rest.webmvc.RootResourceInformation,org.springframework.data.rest.webmvc.support.DefaultedPageable) throws org.springframework.web.HttpRequestMethodNotSupportedException
2017-11-30 22:58:43.603  INFO 17264 --- [restartedMain] o.s.d.r.w.RepositoryRestHandlerMapping   : Mapped "{[/{repository}],methods=[GET],produces=[application/x-spring-data-compact+json || text/uri-list]}" onto public org.springframework.hateoas.Resources<?> org.springframework.data.rest.webmvc.RepositoryEntityController.getCollectionResourceCompact(org.springframework.data.rest.webmvc.RootResourceInformation,org.springframework.data.rest.webmvc.support.DefaultedPageable,org.springframework.data.domain.Sort,org.springframework.data.rest.webmvc.PersistentEntityResourceAssembler) throws org.springframework.data.rest.webmvc.ResourceNotFoundException,org.springframework.web.HttpRequestMethodNotSupportedException
2017-11-30 22:58:43.603  INFO 17264 --- [restartedMain] o.s.d.r.w.RepositoryRestHandlerMapping   : Mapped "{[/{repository}],methods=[POST],produces=[application/hal+json || application/json]}" onto public org.springframework.http.ResponseEntity<org.springframework.hateoas.ResourceSupport> org.springframework.data.rest.webmvc.RepositoryEntityController.postCollectionResource(org.springframework.data.rest.webmvc.RootResourceInformation,org.springframework.data.rest.webmvc.PersistentEntityResource,org.springframework.data.rest.webmvc.PersistentEntityResourceAssembler,java.lang.String) throws org.springframework.web.HttpRequestMethodNotSupportedException
2017-11-30 22:58:43.603  INFO 17264 --- [restartedMain] o.s.d.r.w.RepositoryRestHandlerMapping   : Mapped "{[/{repository}/{id}],methods=[PATCH],produces=[application/hal+json || application/json]}" onto public org.springframework.http.ResponseEntity<org.springframework.hateoas.ResourceSupport> org.springframework.data.rest.webmvc.RepositoryEntityController.patchItemResource(org.springframework.data.rest.webmvc.RootResourceInformation,org.springframework.data.rest.webmvc.PersistentEntityResource,java.io.Serializable,org.springframework.data.rest.webmvc.PersistentEntityResourceAssembler,org.springframework.data.rest.webmvc.support.ETag,java.lang.String) throws org.springframework.web.HttpRequestMethodNotSupportedException,org.springframework.data.rest.webmvc.ResourceNotFoundException
2017-11-30 22:58:43.604  INFO 17264 --- [restartedMain] o.s.d.r.w.RepositoryRestHandlerMapping   : Mapped "{[/{repository}/{id}],methods=[DELETE],produces=[application/hal+json || application/json]}" onto public org.springframework.http.ResponseEntity<?> org.springframework.data.rest.webmvc.RepositoryEntityController.deleteItemResource(org.springframework.data.rest.webmvc.RootResourceInformation,java.io.Serializable,org.springframework.data.rest.webmvc.support.ETag) throws org.springframework.data.rest.webmvc.ResourceNotFoundException,org.springframework.web.HttpRequestMethodNotSupportedException
2017-11-30 22:58:43.604  INFO 17264 --- [restartedMain] o.s.d.r.w.RepositoryRestHandlerMapping   : Mapped "{[/{repository}/{id}],methods=[OPTIONS],produces=[application/hal+json || application/json]}" onto public org.springframework.http.ResponseEntity<?> org.springframework.data.rest.webmvc.RepositoryEntityController.optionsForItemResource(org.springframework.data.rest.webmvc.RootResourceInformation)
2017-11-30 22:58:43.604  INFO 17264 --- [restartedMain] o.s.d.r.w.RepositoryRestHandlerMapping   : Mapped "{[/{repository}],methods=[GET],produces=[application/hal+json || application/json]}" onto public org.springframework.hateoas.Resources<?> org.springframework.data.rest.webmvc.RepositoryEntityController.getCollectionResource(org.springframework.data.rest.webmvc.RootResourceInformation,org.springframework.data.rest.webmvc.support.DefaultedPageable,org.springframework.data.domain.Sort,org.springframework.data.rest.webmvc.PersistentEntityResourceAssembler) throws org.springframework.data.rest.webmvc.ResourceNotFoundException,org.springframework.web.HttpRequestMethodNotSupportedException
2017-11-30 22:58:43.604  INFO 17264 --- [restartedMain] o.s.d.r.w.RepositoryRestHandlerMapping   : Mapped "{[/{repository}/{id}],methods=[HEAD],produces=[application/hal+json || application/json]}" onto public org.springframework.http.ResponseEntity<?> org.springframework.data.rest.webmvc.RepositoryEntityController.headForItemResource(org.springframework.data.rest.webmvc.RootResourceInformation,java.io.Serializable,org.springframework.data.rest.webmvc.PersistentEntityResourceAssembler) throws org.springframework.web.HttpRequestMethodNotSupportedException
2017-11-30 22:58:43.605  INFO 17264 --- [restartedMain] o.s.d.r.w.RepositoryRestHandlerMapping   : Mapped "{[/{repository}/{id}],methods=[PUT],produces=[application/hal+json || application/json]}" onto public org.springframework.http.ResponseEntity<? extends org.springframework.hateoas.ResourceSupport> org.springframework.data.rest.webmvc.RepositoryEntityController.putItemResource(org.springframework.data.rest.webmvc.RootResourceInformation,org.springframework.data.rest.webmvc.PersistentEntityResource,java.io.Serializable,org.springframework.data.rest.webmvc.PersistentEntityResourceAssembler,org.springframework.data.rest.webmvc.support.ETag,java.lang.String) throws org.springframework.web.HttpRequestMethodNotSupportedException
2017-11-30 22:58:43.605  INFO 17264 --- [restartedMain] o.s.d.r.w.RepositoryRestHandlerMapping   : Mapped "{[/{repository}/{id}],methods=[GET],produces=[application/hal+json || application/json]}" onto public org.springframework.http.ResponseEntity<org.springframework.hateoas.Resource<?>> org.springframework.data.rest.webmvc.RepositoryEntityController.getItemResource(org.springframework.data.rest.webmvc.RootResourceInformation,java.io.Serializable,org.springframework.data.rest.webmvc.PersistentEntityResourceAssembler,org.springframework.http.HttpHeaders) throws org.springframework.web.HttpRequestMethodNotSupportedException
2017-11-30 22:58:43.605  INFO 17264 --- [restartedMain] o.s.d.r.w.RepositoryRestHandlerMapping   : Mapped "{[/ || ],methods=[HEAD],produces=[application/hal+json || application/json]}" onto public org.springframework.http.ResponseEntity<?> org.springframework.data.rest.webmvc.RepositoryController.headForRepositories()
2017-11-30 22:58:43.605  INFO 17264 --- [restartedMain] o.s.d.r.w.RepositoryRestHandlerMapping   : Mapped "{[/ || ],methods=[OPTIONS],produces=[application/hal+json || application/json]}" onto public org.springframework.http.HttpEntity<?> org.springframework.data.rest.webmvc.RepositoryController.optionsForRepositories()
2017-11-30 22:58:43.606  INFO 17264 --- [restartedMain] o.s.d.r.w.RepositoryRestHandlerMapping   : Mapped "{[/ || ],methods=[GET],produces=[application/hal+json || application/json]}" onto public org.springframework.http.HttpEntity<org.springframework.data.rest.webmvc.RepositoryLinksResource> org.springframework.data.rest.webmvc.RepositoryController.listRepositories()
2017-11-30 22:58:43.606  INFO 17264 --- [restartedMain] o.s.d.r.w.RepositoryRestHandlerMapping   : Mapped "{[/{repository}/{id}/{property}],methods=[PATCH || PUT || POST],consumes=[application/json || application/x-spring-data-compact+json || text/uri-list],produces=[application/hal+json || application/json]}" onto public org.springframework.http.ResponseEntity<? extends org.springframework.hateoas.ResourceSupport> org.springframework.data.rest.webmvc.RepositoryPropertyReferenceController.createPropertyReference(org.springframework.data.rest.webmvc.RootResourceInformation,org.springframework.http.HttpMethod,org.springframework.hateoas.Resources<java.lang.Object>,java.io.Serializable,java.lang.String) throws java.lang.Exception
2017-11-30 22:58:43.607  INFO 17264 --- [restartedMain] o.s.d.r.w.RepositoryRestHandlerMapping   : Mapped "{[/{repository}/{id}/{property}],methods=[DELETE],produces=[application/hal+json || application/json]}" onto public org.springframework.http.ResponseEntity<? extends org.springframework.hateoas.ResourceSupport> org.springframework.data.rest.webmvc.RepositoryPropertyReferenceController.deletePropertyReference(org.springframework.data.rest.webmvc.RootResourceInformation,java.io.Serializable,java.lang.String) throws java.lang.Exception
2017-11-30 22:58:43.607  INFO 17264 --- [restartedMain] o.s.d.r.w.RepositoryRestHandlerMapping   : Mapped "{[/{repository}/{id}/{property}/{propertyId}],methods=[GET],produces=[application/hal+json || application/json]}" onto public org.springframework.http.ResponseEntity<org.springframework.hateoas.ResourceSupport> org.springframework.data.rest.webmvc.RepositoryPropertyReferenceController.followPropertyReference(org.springframework.data.rest.webmvc.RootResourceInformation,java.io.Serializable,java.lang.String,java.lang.String,org.springframework.data.rest.webmvc.PersistentEntityResourceAssembler) throws java.lang.Exception
2017-11-30 22:58:43.607  INFO 17264 --- [restartedMain] o.s.d.r.w.RepositoryRestHandlerMapping   : Mapped "{[/{repository}/{id}/{property}],methods=[GET],produces=[application/hal+json || application/json]}" onto public org.springframework.http.ResponseEntity<org.springframework.hateoas.ResourceSupport> org.springframework.data.rest.webmvc.RepositoryPropertyReferenceController.followPropertyReference(org.springframework.data.rest.webmvc.RootResourceInformation,java.io.Serializable,java.lang.String,org.springframework.data.rest.webmvc.PersistentEntityResourceAssembler) throws java.lang.Exception
2017-11-30 22:58:43.607  INFO 17264 --- [restartedMain] o.s.d.r.w.RepositoryRestHandlerMapping   : Mapped "{[/{repository}/{id}/{property}/{propertyId}],methods=[DELETE],produces=[application/hal+json || application/json]}" onto public org.springframework.http.ResponseEntity<org.springframework.hateoas.ResourceSupport> org.springframework.data.rest.webmvc.RepositoryPropertyReferenceController.deletePropertyReferenceId(org.springframework.data.rest.webmvc.RootResourceInformation,java.io.Serializable,java.lang.String,java.lang.String) throws java.lang.Exception
2017-11-30 22:58:43.607  INFO 17264 --- [restartedMain] o.s.d.r.w.RepositoryRestHandlerMapping   : Mapped "{[/{repository}/{id}/{property}],methods=[GET],produces=[application/x-spring-data-compact+json || text/uri-list]}" onto public org.springframework.http.ResponseEntity<org.springframework.hateoas.ResourceSupport> org.springframework.data.rest.webmvc.RepositoryPropertyReferenceController.followPropertyReferenceCompact(org.springframework.data.rest.webmvc.RootResourceInformation,java.io.Serializable,java.lang.String,org.springframework.data.rest.webmvc.PersistentEntityResourceAssembler) throws java.lang.Exception
2017-11-30 22:58:43.608  INFO 17264 --- [restartedMain] o.s.d.r.w.RepositoryRestHandlerMapping   : Mapped "{[/{repository}/search/{search}],methods=[GET],produces=[application/x-spring-data-compact+json]}" onto public org.springframework.hateoas.ResourceSupport org.springframework.data.rest.webmvc.RepositorySearchController.executeSearchCompact(org.springframework.data.rest.webmvc.RootResourceInformation,org.springframework.http.HttpHeaders,org.springframework.util.MultiValueMap<java.lang.String, java.lang.Object>,java.lang.String,java.lang.String,org.springframework.data.rest.webmvc.support.DefaultedPageable,org.springframework.data.domain.Sort,org.springframework.data.rest.webmvc.PersistentEntityResourceAssembler)
2017-11-30 22:58:43.609  INFO 17264 --- [restartedMain] o.s.d.r.w.RepositoryRestHandlerMapping   : Mapped "{[/{repository}/search],methods=[OPTIONS],produces=[application/hal+json || application/json]}" onto public org.springframework.http.HttpEntity<?> org.springframework.data.rest.webmvc.RepositorySearchController.optionsForSearches(org.springframework.data.rest.webmvc.RootResourceInformation)
2017-11-30 22:58:43.609  INFO 17264 --- [restartedMain] o.s.d.r.w.RepositoryRestHandlerMapping   : Mapped "{[/{repository}/search/{search}],methods=[OPTIONS],produces=[application/hal+json || application/json]}" onto public org.springframework.http.ResponseEntity<java.lang.Object> org.springframework.data.rest.webmvc.RepositorySearchController.optionsForSearch(org.springframework.data.rest.webmvc.RootResourceInformation,java.lang.String)
2017-11-30 22:58:43.609  INFO 17264 --- [restartedMain] o.s.d.r.w.RepositoryRestHandlerMapping   : Mapped "{[/{repository}/search/{search}],methods=[GET],produces=[application/hal+json || application/json]}" onto public org.springframework.http.ResponseEntity<?> org.springframework.data.rest.webmvc.RepositorySearchController.executeSearch(org.springframework.data.rest.webmvc.RootResourceInformation,org.springframework.util.MultiValueMap<java.lang.String, java.lang.Object>,java.lang.String,org.springframework.data.rest.webmvc.support.DefaultedPageable,org.springframework.data.domain.Sort,org.springframework.data.rest.webmvc.PersistentEntityResourceAssembler,org.springframework.http.HttpHeaders)
2017-11-30 22:58:43.609  INFO 17264 --- [restartedMain] o.s.d.r.w.RepositoryRestHandlerMapping   : Mapped "{[/{repository}/search],methods=[GET],produces=[application/hal+json || application/json]}" onto public org.springframework.data.rest.webmvc.RepositorySearchesResource org.springframework.data.rest.webmvc.RepositorySearchController.listSearches(org.springframework.data.rest.webmvc.RootResourceInformation)
2017-11-30 22:58:43.609  INFO 17264 --- [restartedMain] o.s.d.r.w.RepositoryRestHandlerMapping   : Mapped "{[/{repository}/search/{search}],methods=[HEAD],produces=[application/hal+json || application/json]}" onto public org.springframework.http.ResponseEntity<java.lang.Object> org.springframework.data.rest.webmvc.RepositorySearchController.headForSearch(org.springframework.data.rest.webmvc.RootResourceInformation,java.lang.String)
2017-11-30 22:58:43.610  INFO 17264 --- [restartedMain] o.s.d.r.w.RepositoryRestHandlerMapping   : Mapped "{[/{repository}/search],methods=[HEAD],produces=[application/hal+json || application/json]}" onto public org.springframework.http.HttpEntity<?> org.springframework.data.rest.webmvc.RepositorySearchController.headForSearches(org.springframework.data.rest.webmvc.RootResourceInformation)
2017-11-30 22:58:43.613  INFO 17264 --- [restartedMain] o.s.d.r.w.BasePathAwareHandlerMapping    : Mapped "{[/profile/{repository}],methods=[GET],produces=[application/alps+json || */*]}" onto org.springframework.http.HttpEntity<org.springframework.data.rest.webmvc.RootResourceInformation> org.springframework.data.rest.webmvc.alps.AlpsController.descriptor(org.springframework.data.rest.webmvc.RootResourceInformation)
2017-11-30 22:58:43.613  INFO 17264 --- [restartedMain] o.s.d.r.w.BasePathAwareHandlerMapping    : Mapped "{[/profile/{repository}],methods=[OPTIONS],produces=[application/alps+json]}" onto org.springframework.http.HttpEntity<?> org.springframework.data.rest.webmvc.alps.AlpsController.alpsOptions()
2017-11-30 22:58:43.613  INFO 17264 --- [restartedMain] o.s.d.r.w.BasePathAwareHandlerMapping    : Mapped "{[/profile],methods=[GET]}" onto org.springframework.http.HttpEntity<org.springframework.hateoas.ResourceSupport> org.springframework.data.rest.webmvc.ProfileController.listAllFormsOfMetadata()
2017-11-30 22:58:43.613  INFO 17264 --- [restartedMain] o.s.d.r.w.BasePathAwareHandlerMapping    : Mapped "{[/profile],methods=[OPTIONS]}" onto public org.springframework.http.HttpEntity<?> org.springframework.data.rest.webmvc.ProfileController.profileOptions()
2017-11-30 22:58:43.614  INFO 17264 --- [restartedMain] o.s.d.r.w.BasePathAwareHandlerMapping    : Mapped "{[/profile/{repository}],methods=[GET],produces=[application/schema+json]}" onto public org.springframework.http.HttpEntity<org.springframework.data.rest.webmvc.json.JsonSchema> org.springframework.data.rest.webmvc.RepositorySchemaController.schema(org.springframework.data.rest.webmvc.RootResourceInformation)
2017-11-30 22:58:43.647  INFO 17264 --- [restartedMain] o.s.b.d.a.OptionalLiveReloadServer       : LiveReload server is running on port 35729
2017-11-30 22:58:43.704  INFO 17264 --- [restartedMain] o.s.j.e.a.AnnotationMBeanExporter        : Registering beans for JMX exposure on startup
2017-11-30 22:58:43.710  INFO 17264 --- [restartedMain] o.s.c.support.DefaultLifecycleProcessor  : Starting beans in phase 2147483647
2017-11-30 22:58:43.710  INFO 17264 --- [restartedMain] d.s.w.p.DocumentationPluginsBootstrapper : Context refreshed
2017-11-30 22:58:43.711  INFO 17264 --- [restartedMain] d.s.w.p.DocumentationPluginsBootstrapper : Found 1 custom documentation plugin(s)
2017-11-30 22:58:43.758  INFO 17264 --- [restartedMain] s.d.s.w.s.ApiListingReferenceScanner     : Scanning for api listing references
2017-11-30 22:58:43.901  INFO 17264 --- [restartedMain] s.b.c.e.t.TomcatEmbeddedServletContainer : Tomcat started on port(s): 8080 (http)
2017-11-30 22:58:44.096  INFO 17264 --- [restartedMain] f.m.m.MediarollRestApplication           : Started MediarollRestApplication in 2.489 seconds (JVM running for 84.758)
2017-11-30 22:58:53.120  INFO 17264 --- [Thread-20] ationConfigEmbeddedWebApplicationContext : Closing org.springframework.boot.context.embedded.AnnotationConfigEmbeddedWebApplicationContext@1ff36082: startup date [Thu Nov 30 22:58:41 CET 2017]; root of context hierarchy
2017-11-30 22:58:53.121  INFO 17264 --- [Thread-20] o.s.c.support.DefaultLifecycleProcessor  : Stopping beans in phase 2147483647
2017-11-30 22:58:53.122  INFO 17264 --- [Thread-20] o.s.j.e.a.AnnotationMBeanExporter        : Unregistering JMX-exposed beans on shutdown
2017-11-30 22:58:53.123  INFO 17264 --- [Thread-20] j.LocalContainerEntityManagerFactoryBean : Closing JPA EntityManagerFactory for persistence unit 'default'
2017-11-30 22:58:53.123  INFO 17264 --- [Thread-20] org.hibernate.tool.hbm2ddl.SchemaExport  : HHH000227: Running hbm2ddl schema export
2017-11-30 22:58:53.129  INFO 17264 --- [Thread-20] org.hibernate.tool.hbm2ddl.SchemaExport  : HHH000230: Schema export complete
